[debug] [2020-11-05T20:28:08.499Z] ----------------------------------------------------------------------
[debug] [2020-11-05T20:28:08.500Z] Command:       /Users/princetape/.nvm/versions/node/v13.9.0/bin/node /Users/princetape/.nvm/versions/node/v13.9.0/bin/firebase init
[debug] [2020-11-05T20:28:08.501Z] CLI Version:   8.15.0
[debug] [2020-11-05T20:28:08.501Z] Platform:      darwin
[debug] [2020-11-05T20:28:08.501Z] Node Version:  v13.9.0
[debug] [2020-11-05T20:28:08.502Z] Time:          Thu Nov 05 2020 15:28:08 GMT-0500 (Eastern Standard Time)
[debug] [2020-11-05T20:28:08.502Z] ----------------------------------------------------------------------
[debug] [2020-11-05T20:28:08.502Z] 
[debug] [2020-11-05T20:28:08.506Z] > command requires scopes: ["email","openid","https://www.googleapis.com/auth/cloudplatformprojects.readonly","https://www.googleapis.com/auth/firebase","https://www.googleapis.com/auth/cloud-platform"]
[debug] [2020-11-05T20:28:08.506Z] > authorizing via signed-in user
[info] 
     ######## #### ########  ######## ########     ###     ######  ########
     ##        ##  ##     ## ##       ##     ##  ##   ##  ##       ##
     ######    ##  ########  ######   ########  #########  ######  ######
     ##        ##  ##    ##  ##       ##     ## ##     ##       ## ##
     ##       #### ##     ## ######## ########  ##     ##  ######  ########

You're about to initialize a Firebase project in this directory:

  /Users/princetape/Development/project/portfolio-layout/portfolio

[info] 
=== Project Setup
[info] 
[info] First, let's associate this project directory with a Firebase project.
[info] You can create multiple project aliases by running firebase use --add, 
[info] but for now we'll just set up a default project.
[info] 
[info] i  If you want to create a project in a Google Cloud organization or folder, please use "firebase projects:create" instead, and return to this command when you've created the project. 
[debug] [2020-11-05T20:28:49.170Z] > refreshing access token with scopes: ["email","https://www.googleapis.com/auth/cloud-platform","https://www.googleapis.com/auth/cloudplatformprojects.readonly","https://www.googleapis.com/auth/firebase","openid"]
[debug] [2020-11-05T20:28:49.170Z] >>> HTTP REQUEST POST https://www.googleapis.com/oauth2/v3/token  
 <request body omitted>
[debug] [2020-11-05T20:28:49.294Z] <<< HTTP RESPONSE 200 {"cache-control":"no-cache, no-store, max-age=0, must-revalidate","pragma":"no-cache","date":"Thu, 05 Nov 2020 20:28:49 GMT","expires":"Mon, 01 Jan 1990 00:00:00 GMT","content-type":"application/json; charset=utf-8","vary":"X-Origin, Referer, Origin,Accept-Encoding","server":"scaffolding on HTTPServer2","x-xss-protection":"0","x-frame-options":"SAMEORIGIN","x-content-type-options":"nosniff","alt-svc":"h3-Q050=\":443\"; ma=2592000,h3-29=\":443\"; ma=2592000,h3-T051=\":443\"; ma=2592000,h3-T050=\":443\"; ma=2592000,h3-Q046=\":443\"; ma=2592000,h3-Q043=\":443\"; ma=2592000,quic=\":443\"; ma=2592000; v=\"46,43\"","accept-ranges":"none","transfer-encoding":"chunked"}
[debug] [2020-11-05T20:28:49.311Z] >>> HTTP REQUEST POST https://cloudresourcemanager.googleapis.com/v1/projects  
 {"projectId":"portfolio","name":"portfolio"}
[debug] [2020-11-05T20:28:49.537Z] <<< HTTP RESPONSE 409 {"vary":"X-Origin, Referer, Origin,Accept-Encoding","content-type":"application/json; charset=UTF-8","date":"Thu, 05 Nov 2020 20:28:49 GMT","server":"ESF","cache-control":"private","x-xss-protection":"0","x-frame-options":"SAMEORIGIN","x-content-type-options":"nosniff","server-timing":"gfet4t7; dur=165","alt-svc":"h3-Q050=\":443\"; ma=2592000,h3-29=\":443\"; ma=2592000,h3-T051=\":443\"; ma=2592000,h3-T050=\":443\"; ma=2592000,h3-Q046=\":443\"; ma=2592000,h3-Q043=\":443\"; ma=2592000,quic=\":443\"; ma=2592000; v=\"46,43\"","accept-ranges":"none","transfer-encoding":"chunked"}
[debug] [2020-11-05T20:28:49.538Z] <<< HTTP RESPONSE BODY {"error":{"code":409,"message":"Requested entity already exists","status":"ALREADY_EXISTS"}}
[debug] [2020-11-05T20:28:49.587Z] FirebaseError: HTTP Error: 409, Requested entity already exists
    at module.exports (/Users/princetape/.nvm/versions/node/v13.9.0/lib/node_modules/firebase-tools/lib/responseToError.js:38:12)
    at Request._callback (/Users/princetape/.nvm/versions/node/v13.9.0/lib/node_modules/firebase-tools/lib/api.js:41:35)
    at Request.self.callback (/Users/princetape/.nvm/versions/node/v13.9.0/lib/node_modules/firebase-tools/node_modules/request/request.js:185:22)
    at Request.emit (events.js:321:20)
    at Request.EventEmitter.emit (domain.js:485:12)
    at Request.<anonymous> (/Users/princetape/.nvm/versions/node/v13.9.0/lib/node_modules/firebase-tools/node_modules/request/request.js:1154:10)
    at Request.emit (events.js:321:20)
    at Request.EventEmitter.emit (domain.js:485:12)
    at IncomingMessage.<anonymous> (/Users/princetape/.nvm/versions/node/v13.9.0/lib/node_modules/firebase-tools/node_modules/request/request.js:1076:12)
    at Object.onceWrapper (events.js:427:28)
    at IncomingMessage.emit (events.js:333:22)
    at IncomingMessage.EventEmitter.emit (domain.js:485:12)
    at endReadableNT (_stream_readable.js:1201:12)
    at processTicksAndRejections (internal/process/task_queues.js:84:21)
[error] 
[error] Error: Failed to create project because there is already a project with ID portfolio. Please try again with a unique project ID.
[debug] [2020-11-05T20:29:01.207Z] ----------------------------------------------------------------------
[debug] [2020-11-05T20:29:01.209Z] Command:       /Users/princetape/.nvm/versions/node/v13.9.0/bin/node /Users/princetape/.nvm/versions/node/v13.9.0/bin/firebase init
[debug] [2020-11-05T20:29:01.209Z] CLI Version:   8.15.0
[debug] [2020-11-05T20:29:01.210Z] Platform:      darwin
[debug] [2020-11-05T20:29:01.210Z] Node Version:  v13.9.0
[debug] [2020-11-05T20:29:01.211Z] Time:          Thu Nov 05 2020 15:29:01 GMT-0500 (Eastern Standard Time)
[debug] [2020-11-05T20:29:01.211Z] ----------------------------------------------------------------------
[debug] [2020-11-05T20:29:01.211Z] 
[debug] [2020-11-05T20:29:01.215Z] > command requires scopes: ["email","openid","https://www.googleapis.com/auth/cloudplatformprojects.readonly","https://www.googleapis.com/auth/firebase","https://www.googleapis.com/auth/cloud-platform"]
[debug] [2020-11-05T20:29:01.215Z] > authorizing via signed-in user
[info] 
     ######## #### ########  ######## ########     ###     ######  ########
     ##        ##  ##     ## ##       ##     ##  ##   ##  ##       ##
     ######    ##  ########  ######   ########  #########  ######  ######
     ##        ##  ##    ##  ##       ##     ## ##     ##       ## ##
     ##       #### ##     ## ######## ########  ##     ##  ######  ########

You're about to initialize a Firebase project in this directory:

  /Users/princetape/Development/project/portfolio-layout/portfolio

[info] 
=== Project Setup
[info] 
[info] First, let's associate this project directory with a Firebase project.
[info] You can create multiple project aliases by running firebase use --add, 
[info] but for now we'll just set up a default project.
[info] 
[info] i  If you want to create a project in a Google Cloud organization or folder, please use "firebase projects:create" instead, and return to this command when you've created the project. 
[debug] [2020-11-05T20:30:07.729Z] >>> HTTP REQUEST POST https://cloudresourcemanager.googleapis.com/v1/projects  
 {"projectId":"build","name":"portfolio"}
[debug] [2020-11-05T20:30:07.937Z] <<< HTTP RESPONSE 400 {"vary":"X-Origin, Referer, Origin,Accept-Encoding","content-type":"application/json; charset=UTF-8","date":"Thu, 05 Nov 2020 20:30:07 GMT","server":"ESF","cache-control":"private","x-xss-protection":"0","x-frame-options":"SAMEORIGIN","x-content-type-options":"nosniff","server-timing":"gfet4t7; dur=136","alt-svc":"h3-Q050=\":443\"; ma=2592000,h3-29=\":443\"; ma=2592000,h3-T051=\":443\"; ma=2592000,h3-T050=\":443\"; ma=2592000,h3-Q046=\":443\"; ma=2592000,h3-Q043=\":443\"; ma=2592000,quic=\":443\"; ma=2592000; v=\"46,43\"","accept-ranges":"none","transfer-encoding":"chunked"}
[debug] [2020-11-05T20:30:07.937Z] <<< HTTP RESPONSE BODY {"error":{"code":400,"message":"field [project_id] has issue [project_id must be at least 6 characters long]","status":"INVALID_ARGUMENT","details":[{"@type":"type.googleapis.com/google.rpc.BadRequest","fieldViolations":[{"field":"project_id","description":"project_id must be at least 6 characters long"}]},{"@type":"type.googleapis.com/google.rpc.Help","links":[{"url":"https://cloud.google.com/resource-manager/reference/rest/v1/projects"}]}]}}
[debug] [2020-11-05T20:30:08.012Z] FirebaseError: HTTP Error: 400, field [project_id] has issue [project_id must be at least 6 characters long]
    at module.exports (/Users/princetape/.nvm/versions/node/v13.9.0/lib/node_modules/firebase-tools/lib/responseToError.js:38:12)
    at Request._callback (/Users/princetape/.nvm/versions/node/v13.9.0/lib/node_modules/firebase-tools/lib/api.js:41:35)
    at Request.self.callback (/Users/princetape/.nvm/versions/node/v13.9.0/lib/node_modules/firebase-tools/node_modules/request/request.js:185:22)
    at Request.emit (events.js:321:20)
    at Request.EventEmitter.emit (domain.js:485:12)
    at Request.<anonymous> (/Users/princetape/.nvm/versions/node/v13.9.0/lib/node_modules/firebase-tools/node_modules/request/request.js:1154:10)
    at Request.emit (events.js:321:20)
    at Request.EventEmitter.emit (domain.js:485:12)
    at IncomingMessage.<anonymous> (/Users/princetape/.nvm/versions/node/v13.9.0/lib/node_modules/firebase-tools/node_modules/request/request.js:1076:12)
    at Object.onceWrapper (events.js:427:28)
    at IncomingMessage.emit (events.js:333:22)
    at IncomingMessage.EventEmitter.emit (domain.js:485:12)
    at endReadableNT (_stream_readable.js:1201:12)
    at processTicksAndRejections (internal/process/task_queues.js:84:21)
[error] 
[error] Error: Failed to create project. See firebase-debug.log for more info.
[debug] [2020-11-05T20:30:20.654Z] ----------------------------------------------------------------------
[debug] [2020-11-05T20:30:20.655Z] Command:       /Users/princetape/.nvm/versions/node/v13.9.0/bin/node /Users/princetape/.nvm/versions/node/v13.9.0/bin/firebase init
[debug] [2020-11-05T20:30:20.656Z] CLI Version:   8.15.0
[debug] [2020-11-05T20:30:20.656Z] Platform:      darwin
[debug] [2020-11-05T20:30:20.656Z] Node Version:  v13.9.0
[debug] [2020-11-05T20:30:20.657Z] Time:          Thu Nov 05 2020 15:30:20 GMT-0500 (Eastern Standard Time)
[debug] [2020-11-05T20:30:20.657Z] ----------------------------------------------------------------------
[debug] [2020-11-05T20:30:20.657Z] 
[debug] [2020-11-05T20:30:20.661Z] > command requires scopes: ["email","openid","https://www.googleapis.com/auth/cloudplatformprojects.readonly","https://www.googleapis.com/auth/firebase","https://www.googleapis.com/auth/cloud-platform"]
[debug] [2020-11-05T20:30:20.662Z] > authorizing via signed-in user
[info] 
     ######## #### ########  ######## ########     ###     ######  ########
     ##        ##  ##     ## ##       ##     ##  ##   ##  ##       ##
     ######    ##  ########  ######   ########  #########  ######  ######
     ##        ##  ##    ##  ##       ##     ## ##     ##       ## ##
     ##       #### ##     ## ######## ########  ##     ##  ######  ########

You're about to initialize a Firebase project in this directory:

  /Users/princetape/Development/project/portfolio-layout/portfolio

[info] 
=== Project Setup
[info] 
[info] First, let's associate this project directory with a Firebase project.
[info] You can create multiple project aliases by running firebase use --add, 
[info] but for now we'll just set up a default project.
[info] 
[debug] [2020-11-05T20:30:29.352Z] >>> HTTP REQUEST GET https://firebase.googleapis.com/v1beta1/projects?pageSize=100  
 
[debug] [2020-11-05T20:30:29.575Z] <<< HTTP RESPONSE 200 {"content-type":"application/json; charset=UTF-8","vary":"X-Origin, Referer, Origin,Accept-Encoding","date":"Thu, 05 Nov 2020 20:30:29 GMT","server":"ESF","cache-control":"private","x-xss-protection":"0","x-frame-options":"SAMEORIGIN","x-content-type-options":"nosniff","alt-svc":"h3-Q050=\":443\"; ma=2592000,h3-29=\":443\"; ma=2592000,h3-T051=\":443\"; ma=2592000,h3-T050=\":443\"; ma=2592000,h3-Q046=\":443\"; ma=2592000,h3-Q043=\":443\"; ma=2592000,quic=\":443\"; ma=2592000; v=\"46,43\"","accept-ranges":"none","transfer-encoding":"chunked"}
[info] i  Using project portfolio-7bf54 (Portfolio) 
[info] 
=== Hosting Setup
[info] 
[info] Your public directory is the folder (relative to your project directory) that
[info] will contain Hosting assets to be uploaded with firebase deploy. If you
[info] have a build process for your assets, use your build's output directory.
[info] 
[debug] [2020-11-05T20:31:25.072Z] >>> HTTP REQUEST GET https://www.gstatic.com/firebasejs/releases.json  
 
[debug] [2020-11-05T20:31:25.121Z] <<< HTTP RESPONSE 200 {"accept-ranges":"bytes","vary":"Accept-Encoding, Origin","content-type":"application/json","content-length":"1411","date":"Thu, 05 Nov 2020 20:01:33 GMT","expires":"Thu, 05 Nov 2020 20:51:33 GMT","last-modified":"Mon, 26 Oct 2020 20:17:36 GMT","x-content-type-options":"nosniff","server":"sffe","x-xss-protection":"0","cache-control":"public, max-age=3000","age":"1792","alt-svc":"h3-Q050=\":443\"; ma=2592000,h3-29=\":443\"; ma=2592000,h3-T051=\":443\"; ma=2592000,h3-T050=\":443\"; ma=2592000,h3-Q046=\":443\"; ma=2592000,h3-Q043=\":443\"; ma=2592000,quic=\":443\"; ma=2592000; v=\"46,43\""}
[info] i  Skipping write of build/index.html 
[info] 
[info] i  Detected a .git folder at /Users/princetape/Development/project/portfolio-layout/portfolio 
[info] i  Authorizing with GitHub to upload your service account to a GitHub repository's secrets store. 
[info] 
[info] Visit this URL on this device to log in:
[info] https://github.com/login/oauth/authorize?client_id=89cf50f02ac6aaed3484&state=498116201&redirect_uri=http%3A%2F%2Flocalhost%3A9005&scope=read%3Auser%20repo%20public_repo
[info] 
[info] Waiting for authentication...
[debug] [2020-11-05T20:32:03.985Z] >>> HTTP REQUEST POST https://github.com/login/oauth/access_token  
 {"client_id":"89cf50f02ac6aaed3484","client_secret":"3330d14abc895d9a74d5f17cd7a00711fa2c5bf0","code":"dbb790b60276e65fed59","redirect_uri":"http://localhost:9005","state":"498116201"}
[debug] [2020-11-05T20:32:04.142Z] <<< HTTP RESPONSE 200 {"server":"GitHub.com","date":"Thu, 05 Nov 2020 20:32:04 GMT","content-type":"application/json; charset=utf-8","transfer-encoding":"chunked","status":"200 OK","vary":"X-PJAX, Accept-Encoding, Accept, X-Requested-With","etag":"W/\"d2e5b0da0c13914f93dab333d1445c08\"","cache-control":"max-age=0, private, must-revalidate","strict-transport-security":"max-age=31536000; includeSubdomains; preload","x-frame-options":"deny","x-content-type-options":"nosniff","x-xss-protection":"1; mode=block","referrer-policy":"origin-when-cross-origin, strict-origin-when-cross-origin","expect-ct":"max-age=2592000, report-uri=\"https://api.github.com/_private/browser/errors\"","content-security-policy":"default-src 'none'; base-uri 'self'; block-all-mixed-content; connect-src 'self' uploads.github.com www.githubstatus.com collector.githubapp.com api.github.com www.google-analytics.com github-cloud.s3.amazonaws.com github-production-repository-file-5c1aeb.s3.amazonaws.com github-production-upload-manifest-file-7fdce7.s3.amazonaws.com github-production-user-asset-6210df.s3.amazonaws.com cdn.optimizely.com logx.optimizely.com/v1/events wss://alive.github.com; font-src github.githubassets.com; form-action 'self' github.com gist.github.com; frame-ancestors 'none'; frame-src render.githubusercontent.com; img-src 'self' data: github.githubassets.com identicons.github.com collector.githubapp.com github-cloud.s3.amazonaws.com *.githubusercontent.com; manifest-src 'self'; media-src 'none'; script-src github.githubassets.com; style-src 'unsafe-inline' github.githubassets.com; worker-src github.com/socket-worker.js gist.github.com/socket-worker.js","x-github-request-id":"C79F:7711:25748D0:39F7677:5FA46144"}
[debug] [2020-11-05T20:32:04.142Z] >>> HTTP REQUEST GET https://api.github.com/user  
 
[debug] [2020-11-05T20:32:04.325Z] <<< HTTP RESPONSE 200 {"server":"GitHub.com","date":"Thu, 05 Nov 2020 20:32:04 GMT","content-type":"application/json; charset=utf-8","content-length":"1438","status":"200 OK","cache-control":"private, max-age=60, s-maxage=60","vary":"Accept, Authorization, Cookie, X-GitHub-OTP, Accept-Encoding, Accept, X-Requested-With","etag":"\"c7e9c5436b652c52ab70bee78835d48127a222b174db1e5b6fa8815ca546c0ce\"","last-modified":"Thu, 05 Nov 2020 20:32:03 GMT","x-oauth-scopes":"read:user, repo","x-accepted-oauth-scopes":"","x-oauth-client-id":"89cf50f02ac6aaed3484","x-github-media-type":"github.v3","x-ratelimit-limit":"5000","x-ratelimit-remaining":"4997","x-ratelimit-reset":"1604609198","x-ratelimit-used":"3","access-control-expose-headers":"ETag, Link, Location, Retry-After, X-GitHub-OTP, X-RateLimit-Limit, X-RateLimit-Remaining, X-RateLimit-Used, X-RateLimit-Reset, X-OAuth-Scopes, X-Accepted-OAuth-Scopes, X-Poll-Interval, X-GitHub-Media-Type, Deprecation, Sunset","access-control-allow-origin":"*","strict-transport-security":"max-age=31536000; includeSubdomains; preload","x-frame-options":"deny","x-content-type-options":"nosniff","x-xss-protection":"1; mode=block","referrer-policy":"origin-when-cross-origin, strict-origin-when-cross-origin","content-security-policy":"default-src 'none'","x-github-request-id":"C7A1:6F7D:3DF8558:65B0544:5FA46144"}
[info] 
[info] ✔  Success! Logged into GitHub as vincentservio 
[info] 
